<?xml version="1.0" encoding="UTF-8"?>
<testng-results ignored="0" total="7" passed="5" failed="1" skipped="1">
  <reporter-output>
  </reporter-output>
  <suite started-at="2021-12-11T22:56:32 IST" name="Default suite" finished-at="2021-12-11T22:56:45 IST" duration-ms="13678">
    <groups>
      <group name="Application forms">
        <method signature="TestNGbasic2.applicationFormCurrentAddress()[pri:4, instance:TestNGDemo.TestNGbasic2@10163d6]" name="applicationFormCurrentAddress" class="TestNGDemo.TestNGbasic2"/>
        <method signature="TestNGbasic2.applicationFormName()[pri:2, instance:TestNGDemo.TestNGbasic2@10163d6]" name="applicationFormName" class="TestNGDemo.TestNGbasic2"/>
        <method signature="TestNGbasic2.applicationFormeMail()[pri:3, instance:TestNGDemo.TestNGbasic2@10163d6]" name="applicationFormeMail" class="TestNGDemo.TestNGbasic2"/>
      </group> <!-- Application forms -->
    </groups>
    <test started-at="2021-12-11T22:56:32 IST" name="Default test" finished-at="2021-12-11T22:56:45 IST" duration-ms="13678">
      <class name="TestNGDemo.TestNGbasic2">
        <test-method is-config="true" signature="browserSet()[pri:0, instance:TestNGDemo.TestNGbasic2@10163d6]" started-at="2021-12-11T22:56:32 IST" name="browserSet" finished-at="2021-12-11T22:56:32 IST" duration-ms="10" status="PASS">
          <reporter-output>
          </reporter-output>
        </test-method> <!-- browserSet -->
        <test-method is-config="true" signature="browserLaunch()[pri:0, instance:TestNGDemo.TestNGbasic2@10163d6]" started-at="2021-12-11T22:56:32 IST" name="browserLaunch" finished-at="2021-12-11T22:56:35 IST" duration-ms="3054" status="PASS">
          <reporter-output>
          </reporter-output>
        </test-method> <!-- browserLaunch -->
        <test-method is-config="true" signature="browserMax()[pri:0, instance:TestNGDemo.TestNGbasic2@10163d6]" started-at="2021-12-11T22:56:35 IST" name="browserMax" finished-at="2021-12-11T22:56:35 IST" duration-ms="133" status="PASS">
          <reporter-output>
          </reporter-output>
        </test-method> <!-- browserMax -->
        <test-method is-config="true" signature="browserLink()[pri:0, instance:TestNGDemo.TestNGbasic2@10163d6]" started-at="2021-12-11T22:56:35 IST" name="browserLink" finished-at="2021-12-11T22:56:39 IST" duration-ms="4106" status="PASS">
          <reporter-output>
          </reporter-output>
        </test-method> <!-- browserLink -->
        <test-method signature="getCurrentURLTest()[pri:1, instance:TestNGDemo.TestNGbasic2@10163d6]" started-at="2021-12-11T22:56:39 IST" name="getCurrentURLTest" finished-at="2021-12-11T22:56:39 IST" duration-ms="49" status="PASS">
          <reporter-output>
          </reporter-output>
        </test-method> <!-- getCurrentURLTest -->
        <test-method is-config="true" signature="pageTitle()[pri:0, instance:TestNGDemo.TestNGbasic2@10163d6]" started-at="2021-12-11T22:56:39 IST" name="pageTitle" finished-at="2021-12-11T22:56:39 IST" duration-ms="22" status="PASS">
          <reporter-output>
          </reporter-output>
        </test-method> <!-- pageTitle -->
        <test-method is-config="true" signature="browserLink()[pri:0, instance:TestNGDemo.TestNGbasic2@10163d6]" started-at="2021-12-11T22:56:39 IST" name="browserLink" finished-at="2021-12-11T22:56:40 IST" duration-ms="804" status="PASS">
          <reporter-output>
          </reporter-output>
        </test-method> <!-- browserLink -->
        <test-method signature="getCurrentURLTest()[pri:1, instance:TestNGDemo.TestNGbasic2@10163d6]" started-at="2021-12-11T22:56:40 IST" name="getCurrentURLTest" finished-at="2021-12-11T22:56:40 IST" duration-ms="16" status="PASS">
          <reporter-output>
          </reporter-output>
        </test-method> <!-- getCurrentURLTest -->
        <test-method is-config="true" signature="pageTitle()[pri:0, instance:TestNGDemo.TestNGbasic2@10163d6]" started-at="2021-12-11T22:56:40 IST" name="pageTitle" finished-at="2021-12-11T22:56:40 IST" duration-ms="10" status="PASS">
          <reporter-output>
          </reporter-output>
        </test-method> <!-- pageTitle -->
        <test-method is-config="true" signature="browserLink()[pri:0, instance:TestNGDemo.TestNGbasic2@10163d6]" started-at="2021-12-11T22:56:40 IST" name="browserLink" finished-at="2021-12-11T22:56:41 IST" duration-ms="616" status="PASS">
          <reporter-output>
          </reporter-output>
        </test-method> <!-- browserLink -->
        <test-method signature="getCurrentURLTest()[pri:1, instance:TestNGDemo.TestNGbasic2@10163d6]" started-at="2021-12-11T22:56:41 IST" name="getCurrentURLTest" finished-at="2021-12-11T22:56:41 IST" duration-ms="40" status="PASS">
          <reporter-output>
          </reporter-output>
        </test-method> <!-- getCurrentURLTest -->
        <test-method is-config="true" signature="pageTitle()[pri:0, instance:TestNGDemo.TestNGbasic2@10163d6]" started-at="2021-12-11T22:56:41 IST" name="pageTitle" finished-at="2021-12-11T22:56:41 IST" duration-ms="18" status="PASS">
          <reporter-output>
          </reporter-output>
        </test-method> <!-- pageTitle -->
        <test-method is-config="true" signature="browserLink()[pri:0, instance:TestNGDemo.TestNGbasic2@10163d6]" started-at="2021-12-11T22:56:41 IST" name="browserLink" finished-at="2021-12-11T22:56:41 IST" duration-ms="678" status="PASS">
          <reporter-output>
          </reporter-output>
        </test-method> <!-- browserLink -->
        <test-method signature="applicationFormName()[pri:2, instance:TestNGDemo.TestNGbasic2@10163d6]" started-at="2021-12-11T22:56:41 IST" name="applicationFormName" finished-at="2021-12-11T22:56:42 IST" duration-ms="163" status="FAIL">
          <exception class="org.openqa.selenium.NoSuchElementException">
            <message>
              <![CDATA[no such element: Unable to locate element: {"method":"css selector","selector":"#userNamesssss"}
  (Session info: chrome=96.0.4664.93)
For documentation on this error, please visit: https://www.seleniumhq.org/exceptions/no_such_element.html
Build info: version: '3.141.59', revision: 'e82be7d358', time: '2018-11-14T08:25:53'
System info: host: 'MAA125CG0164H65', ip: '11.144.32.33', os.name: 'Windows 10', os.arch: 'amd64', os.version: '10.0', java.version: '17.0.1'
Driver info: org.openqa.selenium.chrome.ChromeDriver
Capabilities {acceptInsecureCerts: false, browserName: chrome, browserVersion: 96.0.4664.93, chrome: {chromedriverVersion: 96.0.4664.45 (76e4c1bb2ab46..., userDataDir: C:\Users\mnrajan\AppData\Lo...}, goog:chromeOptions: {debuggerAddress: localhost:58844}, javascriptEnabled: true, networkConnectionEnabled: false, pageLoadStrategy: normal, platform: WINDOWS, platformName: WINDOWS, proxy: Proxy(), setWindowRect: true, strictFileInteractability: false, timeouts: {implicit: 0, pageLoad: 300000, script: 30000}, unhandledPromptBehavior: dismiss and notify, webauthn:extension:credBlob: true, webauthn:extension:largeBlob: true, webauthn:virtualAuthenticators: true}
Session ID: 8103d1915009e8d43e595b9b7bb2bff2
*** Element info: {Using=id, value=userNamesssss}]]>
            </message>
            <full-stacktrace>
              <![CDATA[org.openqa.selenium.NoSuchElementException: no such element: Unable to locate element: {"method":"css selector","selector":"#userNamesssss"}
  (Session info: chrome=96.0.4664.93)
For documentation on this error, please visit: https://www.seleniumhq.org/exceptions/no_such_element.html
Build info: version: '3.141.59', revision: 'e82be7d358', time: '2018-11-14T08:25:53'
System info: host: 'MAA125CG0164H65', ip: '11.144.32.33', os.name: 'Windows 10', os.arch: 'amd64', os.version: '10.0', java.version: '17.0.1'
Driver info: org.openqa.selenium.chrome.ChromeDriver
Capabilities {acceptInsecureCerts: false, browserName: chrome, browserVersion: 96.0.4664.93, chrome: {chromedriverVersion: 96.0.4664.45 (76e4c1bb2ab46..., userDataDir: C:\Users\mnrajan\AppData\Lo...}, goog:chromeOptions: {debuggerAddress: localhost:58844}, javascriptEnabled: true, networkConnectionEnabled: false, pageLoadStrategy: normal, platform: WINDOWS, platformName: WINDOWS, proxy: Proxy(), setWindowRect: true, strictFileInteractability: false, timeouts: {implicit: 0, pageLoad: 300000, script: 30000}, unhandledPromptBehavior: dismiss and notify, webauthn:extension:credBlob: true, webauthn:extension:largeBlob: true, webauthn:virtualAuthenticators: true}
Session ID: 8103d1915009e8d43e595b9b7bb2bff2
*** Element info: {Using=id, value=userNamesssss}
at java.base/jdk.internal.reflect.NativeConstructorAccessorImpl.newInstance0(Native Method)
at java.base/jdk.internal.reflect.NativeConstructorAccessorImpl.newInstance(NativeConstructorAccessorImpl.java:77)
at java.base/jdk.internal.reflect.DelegatingConstructorAccessorImpl.newInstance(DelegatingConstructorAccessorImpl.java:45)
at java.base/java.lang.reflect.Constructor.newInstanceWithCaller(Constructor.java:499)
at java.base/java.lang.reflect.Constructor.newInstance(Constructor.java:480)
at org.openqa.selenium.remote.http.W3CHttpResponseCodec.createException(W3CHttpResponseCodec.java:187)
at org.openqa.selenium.remote.http.W3CHttpResponseCodec.decode(W3CHttpResponseCodec.java:122)
at org.openqa.selenium.remote.http.W3CHttpResponseCodec.decode(W3CHttpResponseCodec.java:49)
at org.openqa.selenium.remote.HttpCommandExecutor.execute(HttpCommandExecutor.java:158)
at org.openqa.selenium.remote.service.DriverCommandExecutor.execute(DriverCommandExecutor.java:83)
at org.openqa.selenium.remote.RemoteWebDriver.execute(RemoteWebDriver.java:552)
at org.openqa.selenium.remote.RemoteWebDriver.findElement(RemoteWebDriver.java:323)
at org.openqa.selenium.remote.RemoteWebDriver.findElementById(RemoteWebDriver.java:372)
at org.openqa.selenium.By$ById.findElement(By.java:188)
at org.openqa.selenium.remote.RemoteWebDriver.findElement(RemoteWebDriver.java:315)
at TestNGDemo.TestNGbasic2.applicationFormName(TestNGbasic2.java:52)
at java.base/jdk.internal.reflect.NativeMethodAccessorImpl.invoke0(Native Method)
at java.base/jdk.internal.reflect.NativeMethodAccessorImpl.invoke(NativeMethodAccessorImpl.java:77)
at java.base/jdk.internal.reflect.DelegatingMethodAccessorImpl.invoke(DelegatingMethodAccessorImpl.java:43)
at java.base/java.lang.reflect.Method.invoke(Method.java:568)
at org.testng.internal.MethodInvocationHelper.invokeMethod(MethodInvocationHelper.java:133)
at org.testng.internal.TestInvoker.invokeMethod(TestInvoker.java:598)
at org.testng.internal.TestInvoker.invokeTestMethod(TestInvoker.java:173)
at org.testng.internal.MethodRunner.runInSequence(MethodRunner.java:46)
at org.testng.internal.TestInvoker$MethodInvocationAgent.invoke(TestInvoker.java:824)
at org.testng.internal.TestInvoker.invokeTestMethods(TestInvoker.java:146)
at org.testng.internal.TestMethodWorker.invokeTestMethods(TestMethodWorker.java:146)
at org.testng.internal.TestMethodWorker.run(TestMethodWorker.java:128)
at java.base/java.util.ArrayList.forEach(ArrayList.java:1511)
at org.testng.TestRunner.privateRun(TestRunner.java:794)
at org.testng.TestRunner.run(TestRunner.java:596)
at org.testng.SuiteRunner.runTest(SuiteRunner.java:377)
at org.testng.SuiteRunner.runSequentially(SuiteRunner.java:371)
at org.testng.SuiteRunner.privateRun(SuiteRunner.java:332)
at org.testng.SuiteRunner.run(SuiteRunner.java:276)
at org.testng.SuiteRunnerWorker.runSuite(SuiteRunnerWorker.java:53)
at org.testng.SuiteRunnerWorker.run(SuiteRunnerWorker.java:96)
at org.testng.TestNG.runSuitesSequentially(TestNG.java:1212)
at org.testng.TestNG.runSuitesLocally(TestNG.java:1134)
at org.testng.TestNG.runSuites(TestNG.java:1063)
at org.testng.TestNG.run(TestNG.java:1031)
at org.testng.remote.AbstractRemoteTestNG.run(AbstractRemoteTestNG.java:115)
at org.testng.remote.RemoteTestNG.initAndRun(RemoteTestNG.java:251)
at org.testng.remote.RemoteTestNG.main(RemoteTestNG.java:77)
]]>
            </full-stacktrace>
          </exception> <!-- org.openqa.selenium.NoSuchElementException -->
          <reporter-output>
          </reporter-output>
        </test-method> <!-- applicationFormName -->
        <test-method is-config="true" signature="pageTitle()[pri:0, instance:TestNGDemo.TestNGbasic2@10163d6]" started-at="2021-12-11T22:56:42 IST" name="pageTitle" finished-at="2021-12-11T22:56:42 IST" duration-ms="9" status="PASS">
          <reporter-output>
          </reporter-output>
        </test-method> <!-- pageTitle -->
        <test-method is-config="true" signature="browserLink()[pri:0, instance:TestNGDemo.TestNGbasic2@10163d6]" started-at="2021-12-11T22:56:42 IST" name="browserLink" finished-at="2021-12-11T22:56:44 IST" duration-ms="2174" status="PASS">
          <reporter-output>
          </reporter-output>
        </test-method> <!-- browserLink -->
        <test-method signature="applicationFormeMail()[pri:3, instance:TestNGDemo.TestNGbasic2@10163d6]" started-at="2021-12-11T22:56:44 IST" name="applicationFormeMail" finished-at="2021-12-11T22:56:44 IST" duration-ms="316" status="PASS">
          <reporter-output>
          </reporter-output>
        </test-method> <!-- applicationFormeMail -->
        <test-method is-config="true" signature="pageTitle()[pri:0, instance:TestNGDemo.TestNGbasic2@10163d6]" started-at="2021-12-11T22:56:44 IST" name="pageTitle" finished-at="2021-12-11T22:56:44 IST" duration-ms="9" status="PASS">
          <reporter-output>
          </reporter-output>
        </test-method> <!-- pageTitle -->
        <test-method is-config="true" signature="browserLink()[pri:0, instance:TestNGDemo.TestNGbasic2@10163d6]" started-at="2021-12-11T22:56:44 IST" name="browserLink" finished-at="2021-12-11T22:56:45 IST" duration-ms="729" status="PASS">
          <reporter-output>
          </reporter-output>
        </test-method> <!-- browserLink -->
        <test-method signature="applicationFormCurrentAddress()[pri:4, instance:TestNGDemo.TestNGbasic2@10163d6]" started-at="2021-12-11T22:56:45 IST" name="applicationFormCurrentAddress" finished-at="2021-12-11T22:56:45 IST" duration-ms="275" status="PASS">
          <reporter-output>
          </reporter-output>
        </test-method> <!-- applicationFormCurrentAddress -->
        <test-method is-config="true" signature="pageTitle()[pri:0, instance:TestNGDemo.TestNGbasic2@10163d6]" started-at="2021-12-11T22:56:45 IST" name="pageTitle" finished-at="2021-12-11T22:56:45 IST" duration-ms="6" status="PASS">
          <reporter-output>
          </reporter-output>
        </test-method> <!-- pageTitle -->
        <test-method signature="applicationFormSubmit()[pri:5, instance:TestNGDemo.TestNGbasic2@10163d6]" started-at="2021-12-11T22:56:45 IST" name="applicationFormSubmit" finished-at="2021-12-11T22:56:45 IST" depends-on-methods="TestNGDemo.TestNGbasic2.applicationFormName" duration-ms="0" status="SKIP">
          <exception class="java.lang.Throwable">
            <message>
              <![CDATA[Method TestNGbasic2.applicationFormSubmit()[pri:5, instance:TestNGDemo.TestNGbasic2@10163d6] depends on not successfully finished methods]]>
            </message>
            <full-stacktrace>
              <![CDATA[java.lang.Throwable: Method TestNGbasic2.applicationFormSubmit()[pri:5, instance:TestNGDemo.TestNGbasic2@10163d6] depends on not successfully finished methods
at org.testng.internal.TestInvoker.invokeTestMethods(TestInvoker.java:102)
at org.testng.internal.TestMethodWorker.invokeTestMethods(TestMethodWorker.java:146)
at org.testng.internal.TestMethodWorker.run(TestMethodWorker.java:128)
at java.base/java.util.ArrayList.forEach(ArrayList.java:1511)
at org.testng.TestRunner.privateRun(TestRunner.java:794)
at org.testng.TestRunner.run(TestRunner.java:596)
at org.testng.SuiteRunner.runTest(SuiteRunner.java:377)
at org.testng.SuiteRunner.runSequentially(SuiteRunner.java:371)
at org.testng.SuiteRunner.privateRun(SuiteRunner.java:332)
at org.testng.SuiteRunner.run(SuiteRunner.java:276)
at org.testng.SuiteRunnerWorker.runSuite(SuiteRunnerWorker.java:53)
at org.testng.SuiteRunnerWorker.run(SuiteRunnerWorker.java:96)
at org.testng.TestNG.runSuitesSequentially(TestNG.java:1212)
at org.testng.TestNG.runSuitesLocally(TestNG.java:1134)
at org.testng.TestNG.runSuites(TestNG.java:1063)
at org.testng.TestNG.run(TestNG.java:1031)
at org.testng.remote.AbstractRemoteTestNG.run(AbstractRemoteTestNG.java:115)
at org.testng.remote.RemoteTestNG.initAndRun(RemoteTestNG.java:251)
at org.testng.remote.RemoteTestNG.main(RemoteTestNG.java:77)
]]>
            </full-stacktrace>
          </exception> <!-- java.lang.Throwable -->
          <reporter-output>
          </reporter-output>
        </test-method> <!-- applicationFormSubmit -->
        <test-method is-config="true" signature="deleteCookies()[pri:0, instance:TestNGDemo.TestNGbasic2@10163d6]" started-at="2021-12-11T22:56:45 IST" name="deleteCookies" finished-at="2021-12-11T22:56:45 IST" duration-ms="33" status="PASS">
          <reporter-output>
          </reporter-output>
        </test-method> <!-- deleteCookies -->
        <test-method is-config="true" signature="closeBrowser()[pri:0, instance:TestNGDemo.TestNGbasic2@10163d6]" started-at="2021-12-11T22:56:45 IST" name="closeBrowser" finished-at="2021-12-11T22:56:45 IST" duration-ms="313" status="PASS">
          <reporter-output>
          </reporter-output>
        </test-method> <!-- closeBrowser -->
        <test-method is-config="true" signature="report()[pri:0, instance:TestNGDemo.TestNGbasic2@10163d6]" started-at="2021-12-11T22:56:46 IST" name="report" finished-at="2021-12-11T22:56:46 IST" duration-ms="0" status="PASS">
          <reporter-output>
          </reporter-output>
        </test-method> <!-- report -->
      </class> <!-- TestNGDemo.TestNGbasic2 -->
    </test> <!-- Default test -->
  </suite> <!-- Default suite -->
</testng-results>
